<?xml version="1.0" encoding="UTF-8"?>
<!-- Generated by org.testng.reporters.JUnitReportReporter -->
<testsuite hostname="IT-Tanmoy" failures="0" tests="1" name="locator.WebTest" time="49.974" errors="0" timestamp="2025-08-10T11:52:56 BDT" skipped="0">
  <testcase classname="locator.WebTest" name="testWebPage" time="49.974"/>
  <system-out/>
</testsuite> <!-- locator.WebTest -->
